<?xml version="1.0" encoding="UTF-8"?>
<testsuite xmlns:xsi="http://www.w3.org/2001/XMLSchema-instance" xsi:noNamespaceSchemaLocation="https://maven.apache.org/surefire/maven-surefire-plugin/xsd/surefire-test-report.xsd" name="runner.com.br.TestRunner" time="57.509" tests="10" errors="0" skipped="8" failures="0">
  <properties>
[...]
</properties>
  <testcase name="Dado que acesso o sistema" classname="Cenario: CT1 - login com Sucesso" time="0">
    <skipped/>
    <system-out><![CDATA[#language: pt
@login
Funcionalidade: Login
  
  Eu como usuario 
  Quero realizar o login
]]></system-out>
    <system-err><![CDATA[Starting ChromeDriver 86.0.4240.22 (398b0743353ff36fb1b82468f63a3a93b4e2e89e-refs/branch-heads/4240@{#378}) on port 29311
Only local connections are allowed.
Please see https://chromedriver.chromium.org/security-considerations for suggestions on keeping ChromeDriver safe.
ChromeDriver was started successfully.
out 25, 2020 6:16:44 PM org.openqa.selenium.remote.ProtocolHandshake createSession
INFORMAÇÕES: Detected dialect: W3C
]]></system-err>
  </testcase>
  <testcase name="Quando preencho usuario &quot;Admin&quot; e senha &quot;admin123&quot;" classname="Cenario: CT1 - login com Sucesso" time="0">
    <skipped/>
    <system-out><![CDATA[
  Contexto: Acesso o sistema  &amp#27;[90m# login.feature:8&amp#27;[0m
    &amp#27;[33mDado &amp#27;[0m&amp#27;[33mque acesso o sistema&amp#27;[0m &amp#27;[90m# ContextoSteps.que_acesso_o_sistema()&amp#27;[0m
      &amp#27;[31mcucumber.api.PendingException: TODO: implement me
      	at steps.com.br.ContextoSteps.que_acesso_o_sistema(ContextoSteps.java:11)
      	at ?.Dado que acesso o sistema(login.feature:9)
      &amp#27;[0m
]]></system-out>
  </testcase>
  <testcase name="Entao Valido o acesso" classname="Cenario: CT1 - login com Sucesso" time="0">
    <skipped/>
  </testcase>
  <testcase name="Cenario: CT1 - login com Sucesso" classname="Cenario: CT1 - login com Sucesso" time="0">
    <skipped/>
  </testcase>
  <testcase name="Cenario: CT1 - login com Sucesso" classname="Cenario: CT1 - login com Sucesso" time="45.457"/>
  <testcase name="Dado que acesso o sistema" classname="Cenario: CT2 - Senha Invalida" time="0">
    <skipped/>
    <system-out><![CDATA[
  Cenario: CT1 - login com Sucesso                     &amp#27;[90m# login.feature:11&amp#27;[0m
    &amp#27;[36mQuando &amp#27;[0m&amp#27;[36mpreencho usuario "&amp#27;[0m&amp#27;[36m&amp#27;[1mAdmin&amp#27;[0m&amp#27;[36m" e senha "&amp#27;[0m&amp#27;[36m&amp#27;[1madmin123&amp#27;[0m&amp#27;[36m"&amp#27;[0m &amp#27;[90m# LoginSteps.preencho_usuario_e_senha(String,String)&amp#27;[0m
    &amp#27;[36mEntao &amp#27;[0m&amp#27;[36mValido o acesso&amp#27;[0m                              &amp#27;[90m# LoginSteps.valido_o_acesso()&amp#27;[0m
]]></system-out>
    <system-err><![CDATA[Starting ChromeDriver 86.0.4240.22 (398b0743353ff36fb1b82468f63a3a93b4e2e89e-refs/branch-heads/4240@{#378}) on port 11073
Only local connections are allowed.
Please see https://chromedriver.chromium.org/security-considerations for suggestions on keeping ChromeDriver safe.
ChromeDriver was started successfully.
out 25, 2020 6:16:55 PM org.openqa.selenium.remote.ProtocolHandshake createSession
INFORMAÇÕES: Detected dialect: W3C
]]></system-err>
  </testcase>
  <testcase name="Quando preencho usuario &quot;Admin&quot; e senha &quot;admin&quot;" classname="Cenario: CT2 - Senha Invalida" time="0">
    <skipped/>
    <system-out><![CDATA[
  Contexto: Acesso o sistema  &amp#27;[90m# login.feature:8&amp#27;[0m
    &amp#27;[33mDado &amp#27;[0m&amp#27;[33mque acesso o sistema&amp#27;[0m &amp#27;[90m# ContextoSteps.que_acesso_o_sistema()&amp#27;[0m
      &amp#27;[31mcucumber.api.PendingException: TODO: implement me
      	at steps.com.br.ContextoSteps.que_acesso_o_sistema(ContextoSteps.java:11)
      	at ?.Dado que acesso o sistema(login.feature:9)
      &amp#27;[0m
]]></system-out>
  </testcase>
  <testcase name="Entao Valido a mensagem de erro" classname="Cenario: CT2 - Senha Invalida" time="0">
    <skipped/>
  </testcase>
  <testcase name="Cenario: CT2 - Senha Invalida" classname="Cenario: CT2 - Senha Invalida" time="0">
    <skipped/>
  </testcase>
  <testcase name="Cenario: CT2 - Senha Invalida" classname="Cenario: CT2 - Senha Invalida" time="11.4"/>
</testsuite>